e:\develop\qfplayer\src\x64\debug\main.obj
e:\develop\qfplayer\src\x64\debug\qfvideowidget.obj
e:\develop\qfplayer\src\x64\debug\qfplayer.obj
e:\develop\qfplayer\src\x64\debug\qfresample.obj
e:\develop\qfplayer\src\x64\debug\qfdecode.obj
e:\develop\qfplayer\src\x64\debug\qfdemux.obj
e:\develop\qfplayer\src\x64\debug\vc141.pdb
e:\develop\qfplayer\src\x64\debug\qrc_qfplayer.obj
e:\develop\qfplayer\src\x64\debug\moc_qfplayer.obj
e:\develop\qfplayer\src\x64\debug\moc_qfvideowidget.obj
e:\develop\qfplayer\build\debug\qfplayer.ilk
e:\develop\qfplayer\build\debug\qfplayer.exe
e:\develop\qfplayer\build\debug\qfplayer.pdb
e:\develop\qfplayer\src\x64\debug\\moc\moc_qfplayer.cpp
e:\develop\qfplayer\src\x64\debug\\moc\video\moc_qfvideowidget.cpp
e:\develop\qfplayer\src\x64\debug\uic\ui_qfplayer.h
e:\develop\qfplayer\src\x64\debug\rcc\qrc_qfplayer.cpp
e:\develop\qfplayer\src\x64\debug\moc\moc_qfplayer.cpp
e:\develop\qfplayer\src\x64\debug\moc\video\moc_qfvideowidget.cpp
e:\develop\qfplayer\src\x64\debug\\rcc\qrc_qfplayer.cpp
e:\develop\qfplayer\src\x64\debug\\uic\ui_qfplayer.h
e:\develop\qfplayer\src\x64\debug\qfplayer.tlog\cl.15568.write.1.tlog
e:\develop\qfplayer\src\x64\debug\qfplayer.tlog\cl.command.1.tlog
e:\develop\qfplayer\src\x64\debug\qfplayer.tlog\cl.read.1.tlog
e:\develop\qfplayer\src\x64\debug\qfplayer.tlog\link.command.1.tlog
e:\develop\qfplayer\src\x64\debug\qfplayer.tlog\link.read.1.tlog
e:\develop\qfplayer\src\x64\debug\qfplayer.tlog\link.write.1.tlog
e:\develop\qfplayer\src\x64\debug\qfplayer.tlog\moc.read.1u.tlog
e:\develop\qfplayer\src\x64\debug\qfplayer.tlog\moc.write.1u.tlog
e:\develop\qfplayer\src\x64\debug\qfplayer.tlog\qfplayer.write.1u.tlog
e:\develop\qfplayer\src\x64\debug\qfplayer.tlog\rcc.read.1u.tlog
e:\develop\qfplayer\src\x64\debug\qfplayer.tlog\rcc.write.1u.tlog
e:\develop\qfplayer\src\x64\debug\qfplayer.tlog\uic.read.1u.tlog
e:\develop\qfplayer\src\x64\debug\qfplayer.tlog\uic.write.1u.tlog
